Solid Edge Translation to STL
Date: Tuesday,April 16,2024 08:26PM
Source File:C:\Users\HP-PC\Downloads\DIGI FAB PROJECT\Demo2.asm
Source System: SOLID EDGE

Hardware:
Processor: Intel(R) Core(TM) i3-7020U CPU @ 2.30GHz
Operating System: Windows 10
Installed Memory: 7.91 GB

Software Information:
Parasolid Version: 36.0.142
PSBodyshop Version: 36.0.108
STL Adapter Version: 13.0.193
Solid Edge Version: 224.00.00.101 x64

STL Export Options:
Output File Format:BINARY
Export Displayed Parts:Off
structureOption: Monolithic
Export Units:Millimeter
Export Tolerance Value:0.010000
Export Tolerance Type:Custom
Export Surface Plane Angle Value:0.785398

Translation progress:
Translation process completed
Time required to translate:00 : 00 : 01
